0 info it worked if it ends with ok
1 verbose cli [ '/usr/local/Cellar/node/6.3.1/bin/node',
1 verbose cli   '/usr/local/bin/npm',
1 verbose cli   'install' ]
2 info using npm@3.10.3
3 info using node@v6.3.1
4 silly loadCurrentTree Starting
5 silly install loadCurrentTree
6 silly install readLocalPackageData
7 silly install normalizeTree
8 silly loadCurrentTree Finishing
9 silly loadIdealTree Starting
10 silly install loadIdealTree
11 silly cloneCurrentTree Starting
12 silly install cloneCurrentTreeToIdealTree
13 silly cloneCurrentTree Finishing
14 silly loadShrinkwrap Starting
15 silly install loadShrinkwrap
16 silly loadShrinkwrap Finishing
17 silly loadAllDepsIntoIdealTree Starting
18 silly install loadAllDepsIntoIdealTree
19 silly loadAllDepsIntoIdealTree Finishing
20 silly loadIdealTree Finishing
21 silly currentTree angular-seed@1.0.0
21 silly currentTree ├─┬ accepts@1.1.4
21 silly currentTree │ ├── mime-db@1.12.0
21 silly currentTree │ └── mime-types@2.0.14
21 silly currentTree ├── adm-zip@0.4.7
21 silly currentTree ├── after@0.8.1
21 silly currentTree ├─┬ agent-base@2.0.1
21 silly currentTree │ └── semver@5.0.3
21 silly currentTree ├── amdefine@1.0.0
21 silly currentTree ├── ansi-regex@2.0.0
21 silly currentTree ├── ansi-styles@2.2.1
21 silly currentTree ├── anymatch@1.3.0
21 silly currentTree ├── arr-diff@2.0.0
21 silly currentTree ├── arr-flatten@1.0.1
21 silly currentTree ├── array-slice@0.2.3
21 silly currentTree ├── array-unique@0.2.1
21 silly currentTree ├── arraybuffer.slice@0.0.6
21 silly currentTree ├── arrify@1.0.1
21 silly currentTree ├── asn1@0.2.3
21 silly currentTree ├── assert-plus@0.2.0
21 silly currentTree ├── async-each@1.0.1
21 silly currentTree ├── async@0.9.0
21 silly currentTree ├── aws-sign2@0.6.0
21 silly currentTree ├── backo2@1.0.2
21 silly currentTree ├── balanced-match@0.4.2
21 silly currentTree ├── base64-arraybuffer@0.1.2
21 silly currentTree ├── base64id@0.1.0
21 silly currentTree ├── batch@0.5.3
21 silly currentTree ├─┬ bcrypt-pbkdf@1.0.0
21 silly currentTree │ └── tweetnacl@0.14.3
21 silly currentTree ├── benchmark@1.0.0
21 silly currentTree ├── better-assert@1.0.2
21 silly currentTree ├── binary-extensions@1.6.0
21 silly currentTree ├─┬ bl@1.0.3
21 silly currentTree │ └── readable-stream@2.0.6
21 silly currentTree ├── blob@0.0.4
21 silly currentTree ├── bluebird@2.11.0
21 silly currentTree ├─┬ body-parser@1.15.2
21 silly currentTree │ └── qs@6.2.0
21 silly currentTree ├── boom@2.10.1
21 silly currentTree ├── bower@1.7.9
21 silly currentTree ├── brace-expansion@1.1.6
21 silly currentTree ├── braces@1.8.5
21 silly currentTree ├── buffer-shims@1.0.0
21 silly currentTree ├── bytes@2.4.0
21 silly currentTree ├── callsite@1.0.0
21 silly currentTree ├── caseless@0.11.0
21 silly currentTree ├── chalk@1.1.3
21 silly currentTree ├── chokidar@1.6.0
21 silly currentTree ├── colors@1.0.3
21 silly currentTree ├── combined-stream@1.0.5
21 silly currentTree ├── commander@2.9.0
21 silly currentTree ├── component-bind@1.0.0
21 silly currentTree ├── component-emitter@1.1.2
21 silly currentTree ├── component-inherit@0.0.3
21 silly currentTree ├── concat-map@0.0.1
21 silly currentTree ├── connect@3.5.0
21 silly currentTree ├── content-type@1.0.2
21 silly currentTree ├── core-js@2.4.1
21 silly currentTree ├── core-util-is@1.0.2
21 silly currentTree ├── corser@2.0.1
21 silly currentTree ├── cryptiles@2.0.5
21 silly currentTree ├── custom-event@1.0.0
21 silly currentTree ├─┬ dashdash@1.14.0
21 silly currentTree │ └── assert-plus@1.0.0
21 silly currentTree ├── debug@2.2.0
21 silly currentTree ├── delayed-stream@1.0.0
21 silly currentTree ├── depd@1.1.0
21 silly currentTree ├── di@0.0.1
21 silly currentTree ├── dom-serialize@2.2.1
21 silly currentTree ├── ecc-jsbn@0.1.1
21 silly currentTree ├── ecstatic@1.4.1
21 silly currentTree ├── ee-first@1.1.1
21 silly currentTree ├─┬ engine.io-client@1.6.11
21 silly currentTree │ └── ws@1.0.1
21 silly currentTree ├─┬ engine.io-parser@1.2.4
21 silly currentTree │ ├── has-binary@0.1.6
21 silly currentTree │ └── isarray@0.0.1
21 silly currentTree ├── engine.io@1.6.11
21 silly currentTree ├── ent@2.2.0
21 silly currentTree ├── escape-html@1.0.3
21 silly currentTree ├── escape-string-regexp@1.0.5
21 silly currentTree ├── eventemitter3@1.2.0
21 silly currentTree ├── exit@0.1.2
21 silly currentTree ├─┬ expand-braces@0.1.2
21 silly currentTree │ ├── braces@0.1.5
21 silly currentTree │ ├── expand-range@0.1.1
21 silly currentTree │ ├── is-number@0.1.1
21 silly currentTree │ └── repeat-string@0.2.2
21 silly currentTree ├── expand-brackets@0.1.5
21 silly currentTree ├── expand-range@1.8.2
21 silly currentTree ├── extend@3.0.0
21 silly currentTree ├── extglob@0.3.2
21 silly currentTree ├── extsprintf@1.0.2
21 silly currentTree ├── filename-regex@2.0.0
21 silly currentTree ├── fill-range@2.2.3
21 silly currentTree ├── finalhandler@0.5.0
21 silly currentTree ├── for-in@0.1.6
21 silly currentTree ├── for-own@0.1.4
21 silly currentTree ├── forever-agent@0.6.1
21 silly currentTree ├─┬ form-data@1.0.1
21 silly currentTree │ ├── async@2.0.1
21 silly currentTree │ └── lodash@4.16.1
21 silly currentTree ├── fs-access@1.0.0
21 silly currentTree ├── fs.realpath@1.0.0
21 silly currentTree ├─┬ fsevents@1.0.14
21 silly currentTree │ ├── abbrev@1.0.9
21 silly currentTree │ ├── ansi-regex@2.0.0
21 silly currentTree │ ├── ansi-styles@2.2.1
21 silly currentTree │ ├── aproba@1.0.4
21 silly currentTree │ ├── are-we-there-yet@1.1.2
21 silly currentTree │ ├── asn1@0.2.3
21 silly currentTree │ ├── assert-plus@0.2.0
21 silly currentTree │ ├── async@1.5.2
21 silly currentTree │ ├── aws-sign2@0.6.0
21 silly currentTree │ ├── aws4@1.4.1
21 silly currentTree │ ├── balanced-match@0.4.2
21 silly currentTree │ ├─┬ bl@1.1.2
21 silly currentTree │ │ └── readable-stream@2.0.6
21 silly currentTree │ ├── block-stream@0.0.9
21 silly currentTree │ ├── boom@2.10.1
21 silly currentTree │ ├── brace-expansion@1.1.5
21 silly currentTree │ ├── buffer-shims@1.0.0
21 silly currentTree │ ├── caseless@0.11.0
21 silly currentTree │ ├── chalk@1.1.3
21 silly currentTree │ ├── code-point-at@1.0.0
21 silly currentTree │ ├── combined-stream@1.0.5
21 silly currentTree │ ├── commander@2.9.0
21 silly currentTree │ ├── concat-map@0.0.1
21 silly currentTree │ ├── console-control-strings@1.1.0
21 silly currentTree │ ├── core-util-is@1.0.2
21 silly currentTree │ ├── cryptiles@2.0.5
21 silly currentTree │ ├─┬ dashdash@1.14.0
21 silly currentTree │ │ └── assert-plus@1.0.0
21 silly currentTree │ ├── debug@2.2.0
21 silly currentTree │ ├── deep-extend@0.4.1
21 silly currentTree │ ├── delayed-stream@1.0.0
21 silly currentTree │ ├── delegates@1.0.0
21 silly currentTree │ ├── ecc-jsbn@0.1.1
21 silly currentTree │ ├── escape-string-regexp@1.0.5
21 silly currentTree │ ├── extend@3.0.0
21 silly currentTree │ ├── extsprintf@1.0.2
21 silly currentTree │ ├── forever-agent@0.6.1
21 silly currentTree │ ├── form-data@1.0.0-rc4
21 silly currentTree │ ├── fs.realpath@1.0.0
21 silly currentTree │ ├── fstream-ignore@1.0.5
21 silly currentTree │ ├── fstream@1.0.10
21 silly currentTree │ ├── gauge@2.6.0
21 silly currentTree │ ├── generate-function@2.0.0
21 silly currentTree │ ├── generate-object-property@1.2.0
21 silly currentTree │ ├─┬ getpass@0.1.6
21 silly currentTree │ │ └── assert-plus@1.0.0
21 silly currentTree │ ├── glob@7.0.5
21 silly currentTree │ ├── graceful-fs@4.1.4
21 silly currentTree │ ├── graceful-readlink@1.0.1
21 silly currentTree │ ├── har-validator@2.0.6
21 silly currentTree │ ├── has-ansi@2.0.0
21 silly currentTree │ ├── has-color@0.1.7
21 silly currentTree │ ├── has-unicode@2.0.1
21 silly currentTree │ ├── hawk@3.1.3
21 silly currentTree │ ├── hoek@2.16.3
21 silly currentTree │ ├── http-signature@1.1.1
21 silly currentTree │ ├── inflight@1.0.5
21 silly currentTree │ ├── inherits@2.0.1
21 silly currentTree │ ├── ini@1.3.4
21 silly currentTree │ ├── is-fullwidth-code-point@1.0.0
21 silly currentTree │ ├── is-my-json-valid@2.13.1
21 silly currentTree │ ├── is-property@1.0.2
21 silly currentTree │ ├── is-typedarray@1.0.0
21 silly currentTree │ ├── isarray@1.0.0
21 silly currentTree │ ├── isstream@0.1.2
21 silly currentTree │ ├── jodid25519@1.0.2
21 silly currentTree │ ├── jsbn@0.1.0
21 silly currentTree │ ├── json-schema@0.2.2
21 silly currentTree │ ├── json-stringify-safe@5.0.1
21 silly currentTree │ ├── jsonpointer@2.0.0
21 silly currentTree │ ├── jsprim@1.3.0
21 silly currentTree │ ├── mime-db@1.23.0
21 silly currentTree │ ├── mime-types@2.1.11
21 silly currentTree │ ├── minimatch@3.0.2
21 silly currentTree │ ├── minimist@0.0.8
21 silly currentTree │ ├── mkdirp@0.5.1
21 silly currentTree │ ├── ms@0.7.1
21 silly currentTree │ ├── node-pre-gyp@0.6.29
21 silly currentTree │ ├── node-uuid@1.4.7
21 silly currentTree │ ├── nopt@3.0.6
21 silly currentTree │ ├── npmlog@3.1.2
21 silly currentTree │ ├── number-is-nan@1.0.0
21 silly currentTree │ ├── oauth-sign@0.8.2
21 silly currentTree │ ├── object-assign@4.1.0
21 silly currentTree │ ├── once@1.3.3
21 silly currentTree │ ├── path-is-absolute@1.0.0
21 silly currentTree │ ├── pinkie-promise@2.0.1
21 silly currentTree │ ├── pinkie@2.0.4
21 silly currentTree │ ├── process-nextick-args@1.0.7
21 silly currentTree │ ├── qs@6.2.0
21 silly currentTree │ ├─┬ rc@1.1.6
21 silly currentTree │ │ └── minimist@1.2.0
21 silly currentTree │ ├── readable-stream@2.1.4
21 silly currentTree │ ├── request@2.73.0
21 silly currentTree │ ├── rimraf@2.5.3
21 silly currentTree │ ├── semver@5.2.0
21 silly currentTree │ ├── set-blocking@2.0.0
21 silly currentTree │ ├── signal-exit@3.0.0
21 silly currentTree │ ├── sntp@1.0.9
21 silly currentTree │ ├─┬ sshpk@1.8.3
21 silly currentTree │ │ └── assert-plus@1.0.0
21 silly currentTree │ ├── string_decoder@0.10.31
21 silly currentTree │ ├── string-width@1.0.1
21 silly currentTree │ ├── stringstream@0.0.5
21 silly currentTree │ ├── strip-ansi@3.0.1
21 silly currentTree │ ├── strip-json-comments@1.0.4
21 silly currentTree │ ├── supports-color@2.0.0
21 silly currentTree │ ├── tar-pack@3.1.4
21 silly currentTree │ ├── tar@2.2.1
21 silly currentTree │ ├── tough-cookie@2.2.2
21 silly currentTree │ ├── tunnel-agent@0.4.3
21 silly currentTree │ ├── tweetnacl@0.13.3
21 silly currentTree │ ├── uid-number@0.0.6
21 silly currentTree │ ├── util-deprecate@1.0.2
21 silly currentTree │ ├── verror@1.3.6
21 silly currentTree │ ├── wide-align@1.1.0
21 silly currentTree │ ├── wrappy@1.0.2
21 silly currentTree │ └── xtend@4.0.1
21 silly currentTree ├── generate-function@2.0.0
21 silly currentTree ├── generate-object-property@1.2.0
21 silly currentTree ├─┬ getpass@0.1.6
21 silly currentTree │ └── assert-plus@1.0.0
21 silly currentTree ├── glob-base@0.3.0
21 silly currentTree ├── glob-parent@2.0.0
21 silly currentTree ├── glob@7.1.0
21 silly currentTree ├── graceful-fs@4.1.6
21 silly currentTree ├── graceful-readlink@1.0.1
21 silly currentTree ├── har-validator@2.0.6
21 silly currentTree ├── has-ansi@2.0.0
21 silly currentTree ├─┬ has-binary@0.1.7
21 silly currentTree │ └── isarray@0.0.1
21 silly currentTree ├── has-cors@1.1.0
21 silly currentTree ├── hawk@3.1.3
21 silly currentTree ├── he@0.5.0
21 silly currentTree ├── hoek@2.16.3
21 silly currentTree ├── http-errors@1.5.0
21 silly currentTree ├── http-proxy@1.15.1
21 silly currentTree ├── http-server@0.9.0
21 silly currentTree ├── http-signature@1.1.1
21 silly currentTree ├── https-proxy-agent@1.0.0
21 silly currentTree ├── iconv-lite@0.4.13
21 silly currentTree ├── indexof@0.0.1
21 silly currentTree ├── inflight@1.0.5
21 silly currentTree ├── inherits@2.0.1
21 silly currentTree ├── is-binary-path@1.0.1
21 silly currentTree ├── is-buffer@1.1.4
21 silly currentTree ├── is-dotfile@1.0.2
21 silly currentTree ├── is-equal-shallow@0.1.3
21 silly currentTree ├── is-extendable@0.1.1
21 silly currentTree ├── is-extglob@1.0.0
21 silly currentTree ├── is-glob@2.0.1
21 silly currentTree ├── is-my-json-valid@2.14.0
21 silly currentTree ├── is-number@2.1.0
21 silly currentTree ├── is-posix-bracket@0.1.1
21 silly currentTree ├── is-primitive@2.0.0
21 silly currentTree ├── is-property@1.0.2
21 silly currentTree ├── is-typedarray@1.0.0
21 silly currentTree ├── isarray@1.0.0
21 silly currentTree ├── isbinaryfile@3.0.1
21 silly currentTree ├── isexe@1.1.2
21 silly currentTree ├── isobject@2.1.0
21 silly currentTree ├── isstream@0.1.2
21 silly currentTree ├── jasmine-core@2.5.2
21 silly currentTree ├─┬ jasmine@2.4.1
21 silly currentTree │ ├── glob@3.2.11
21 silly currentTree │ ├── jasmine-core@2.4.1
21 silly currentTree │ └── minimatch@0.3.0
21 silly currentTree ├── jasminewd2@0.0.9
21 silly currentTree ├── jodid25519@1.0.2
21 silly currentTree ├── jsbn@0.1.0
21 silly currentTree ├── json-schema@0.2.3
21 silly currentTree ├── json-stringify-safe@5.0.1
21 silly currentTree ├── json3@3.2.6
21 silly currentTree ├── jsonpointer@2.0.0
21 silly currentTree ├── jsprim@1.3.1
21 silly currentTree ├── karma-chrome-launcher@0.2.3
21 silly currentTree ├── karma-firefox-launcher@0.1.7
21 silly currentTree ├── karma-jasmine@0.3.8
21 silly currentTree ├── karma-junit-reporter@0.4.2
21 silly currentTree ├─┬ karma@0.13.22
21 silly currentTree │ └── colors@1.1.2
21 silly currentTree ├── kind-of@3.0.4
21 silly currentTree ├── lodash@3.10.1
21 silly currentTree ├─┬ log4js@0.6.38
21 silly currentTree │ ├── isarray@0.0.1
21 silly currentTree │ └── readable-stream@1.0.34
21 silly currentTree ├── lru-cache@2.2.4
21 silly currentTree ├── media-typer@0.3.0
21 silly currentTree ├── micromatch@2.3.11
21 silly currentTree ├── mime-db@1.24.0
21 silly currentTree ├── mime-types@2.1.12
21 silly currentTree ├── mime@1.3.4
21 silly currentTree ├── minimatch@3.0.3
21 silly currentTree ├── minimist@1.2.0
21 silly currentTree ├─┬ mkdirp@0.5.1
21 silly currentTree │ └── minimist@0.0.8
21 silly currentTree ├── ms@0.7.1
21 silly currentTree ├── nan@2.4.0
21 silly currentTree ├── negotiator@0.4.9
21 silly currentTree ├── node-uuid@1.4.7
21 silly currentTree ├── normalize-path@2.0.1
21 silly currentTree ├── null-check@1.0.0
21 silly currentTree ├── oauth-sign@0.8.2
21 silly currentTree ├── object-component@0.0.3
21 silly currentTree ├── object.omit@2.0.0
21 silly currentTree ├── on-finished@2.3.0
21 silly currentTree ├── once@1.4.0
21 silly currentTree ├── opener@1.4.2
21 silly currentTree ├─┬ optimist@0.6.1
21 silly currentTree │ └── minimist@0.0.10
21 silly currentTree ├── options@0.0.6
21 silly currentTree ├── parse-glob@3.0.4
21 silly currentTree ├── parsejson@0.0.1
21 silly currentTree ├── parseqs@0.0.2
21 silly currentTree ├── parseuri@0.0.4
21 silly currentTree ├── parseurl@1.3.1
21 silly currentTree ├── path-is-absolute@1.0.0
21 silly currentTree ├── pinkie-promise@2.0.1
21 silly currentTree ├── pinkie@2.0.4
21 silly currentTree ├── portfinder@0.4.0
21 silly currentTree ├── preserve@0.2.0
21 silly currentTree ├── process-nextick-args@1.0.7
21 silly currentTree ├─┬ protractor@3.3.0
21 silly currentTree │ └── glob@6.0.4
21 silly currentTree ├── q@1.4.1
21 silly currentTree ├── qs@2.3.3
21 silly currentTree ├── randomatic@1.1.5
21 silly currentTree ├── raw-body@2.1.7
21 silly currentTree ├── readable-stream@2.1.5
21 silly currentTree ├── readdirp@2.1.0
21 silly currentTree ├── regex-cache@0.4.3
21 silly currentTree ├── repeat-element@1.1.2
21 silly currentTree ├── repeat-string@1.5.4
21 silly currentTree ├─┬ request@2.67.0
21 silly currentTree │ └── qs@5.2.1
21 silly currentTree ├── requires-port@1.0.0
21 silly currentTree ├── rimraf@2.5.4
21 silly currentTree ├── saucelabs@1.0.1
21 silly currentTree ├── sax@0.6.1
21 silly currentTree ├─┬ selenium-webdriver@2.52.0
21 silly currentTree │ └── adm-zip@0.4.4
21 silly currentTree ├── semver@4.3.6
21 silly currentTree ├── set-immediate-shim@1.0.1
21 silly currentTree ├── setprototypeof@1.0.1
21 silly currentTree ├── sigmund@1.0.1
21 silly currentTree ├── sntp@1.0.9
21 silly currentTree ├─┬ socket.io-adapter@0.4.0
21 silly currentTree │ ├── isarray@0.0.1
21 silly currentTree │ └─┬ socket.io-parser@2.2.2
21 silly currentTree │   └── debug@0.7.4
21 silly currentTree ├─┬ socket.io-client@1.4.8
21 silly currentTree │ └── component-emitter@1.2.0
21 silly currentTree ├─┬ socket.io-parser@2.2.6
21 silly currentTree │ ├── isarray@0.0.1
21 silly currentTree │ └── json3@3.3.2
21 silly currentTree ├── socket.io@1.4.8
21 silly currentTree ├─┬ source-map-support@0.4.2
21 silly currentTree │ └── source-map@0.1.32
21 silly currentTree ├── source-map@0.5.6
21 silly currentTree ├─┬ sshpk@1.10.0
21 silly currentTree │ └── assert-plus@1.0.0
21 silly currentTree ├── statuses@1.3.0
21 silly currentTree ├── string_decoder@0.10.31
21 silly currentTree ├── stringstream@0.0.5
21 silly currentTree ├── strip-ansi@3.0.1
21 silly currentTree ├── supports-color@2.0.0
21 silly currentTree ├── tmp@0.0.24
21 silly currentTree ├── to-array@0.1.4
21 silly currentTree ├── tough-cookie@2.2.2
21 silly currentTree ├── tunnel-agent@0.4.3
21 silly currentTree ├── tweetnacl@0.13.3
21 silly currentTree ├── type-is@1.6.13
21 silly currentTree ├── ultron@1.0.2
21 silly currentTree ├── union@0.4.4
21 silly currentTree ├── unpipe@1.0.0
21 silly currentTree ├── url-join@1.1.0
21 silly currentTree ├── useragent@2.1.9
21 silly currentTree ├── utf8@2.1.0
21 silly currentTree ├── util-deprecate@1.0.2
21 silly currentTree ├── utils-merge@1.0.0
21 silly currentTree ├── verror@1.3.6
21 silly currentTree ├── void-elements@2.0.1
21 silly currentTree ├── which@1.2.11
21 silly currentTree ├── wordwrap@0.0.3
21 silly currentTree ├── wrappy@1.0.2
21 silly currentTree ├── ws@1.1.0
21 silly currentTree ├── xml2js@0.4.4
21 silly currentTree ├── xmlbuilder@3.1.0
21 silly currentTree ├── xmlhttprequest-ssl@1.5.1
21 silly currentTree ├── xtend@4.0.1
21 silly currentTree └── yeast@0.1.2
22 silly idealTree angular-seed@1.0.0
22 silly idealTree ├─┬ accepts@1.1.4
22 silly idealTree │ ├── mime-db@1.12.0
22 silly idealTree │ └── mime-types@2.0.14
22 silly idealTree ├── adm-zip@0.4.7
22 silly idealTree ├── after@0.8.1
22 silly idealTree ├─┬ agent-base@2.0.1
22 silly idealTree │ └── semver@5.0.3
22 silly idealTree ├── amdefine@1.0.0
22 silly idealTree ├── ansi-regex@2.0.0
22 silly idealTree ├── ansi-styles@2.2.1
22 silly idealTree ├── anymatch@1.3.0
22 silly idealTree ├── arr-diff@2.0.0
22 silly idealTree ├── arr-flatten@1.0.1
22 silly idealTree ├── array-slice@0.2.3
22 silly idealTree ├── array-unique@0.2.1
22 silly idealTree ├── arraybuffer.slice@0.0.6
22 silly idealTree ├── arrify@1.0.1
22 silly idealTree ├── asn1@0.2.3
22 silly idealTree ├── assert-plus@0.2.0
22 silly idealTree ├── async-each@1.0.1
22 silly idealTree ├── async@0.9.0
22 silly idealTree ├── aws-sign2@0.6.0
22 silly idealTree ├── backo2@1.0.2
22 silly idealTree ├── balanced-match@0.4.2
22 silly idealTree ├── base64-arraybuffer@0.1.2
22 silly idealTree ├── base64id@0.1.0
22 silly idealTree ├── batch@0.5.3
22 silly idealTree ├─┬ bcrypt-pbkdf@1.0.0
22 silly idealTree │ └── tweetnacl@0.14.3
22 silly idealTree ├── benchmark@1.0.0
22 silly idealTree ├── better-assert@1.0.2
22 silly idealTree ├── binary-extensions@1.6.0
22 silly idealTree ├─┬ bl@1.0.3
22 silly idealTree │ └── readable-stream@2.0.6
22 silly idealTree ├── blob@0.0.4
22 silly idealTree ├── bluebird@2.11.0
22 silly idealTree ├─┬ body-parser@1.15.2
22 silly idealTree │ └── qs@6.2.0
22 silly idealTree ├── boom@2.10.1
22 silly idealTree ├── bower@1.7.9
22 silly idealTree ├── brace-expansion@1.1.6
22 silly idealTree ├── braces@1.8.5
22 silly idealTree ├── buffer-shims@1.0.0
22 silly idealTree ├── bytes@2.4.0
22 silly idealTree ├── callsite@1.0.0
22 silly idealTree ├── caseless@0.11.0
22 silly idealTree ├── chalk@1.1.3
22 silly idealTree ├── chokidar@1.6.0
22 silly idealTree ├── colors@1.0.3
22 silly idealTree ├── combined-stream@1.0.5
22 silly idealTree ├── commander@2.9.0
22 silly idealTree ├── component-bind@1.0.0
22 silly idealTree ├── component-emitter@1.1.2
22 silly idealTree ├── component-inherit@0.0.3
22 silly idealTree ├── concat-map@0.0.1
22 silly idealTree ├── connect@3.5.0
22 silly idealTree ├── content-type@1.0.2
22 silly idealTree ├── core-js@2.4.1
22 silly idealTree ├── core-util-is@1.0.2
22 silly idealTree ├── corser@2.0.1
22 silly idealTree ├── cryptiles@2.0.5
22 silly idealTree ├── custom-event@1.0.0
22 silly idealTree ├─┬ dashdash@1.14.0
22 silly idealTree │ └── assert-plus@1.0.0
22 silly idealTree ├── debug@2.2.0
22 silly idealTree ├── delayed-stream@1.0.0
22 silly idealTree ├── depd@1.1.0
22 silly idealTree ├── di@0.0.1
22 silly idealTree ├── dom-serialize@2.2.1
22 silly idealTree ├── ecc-jsbn@0.1.1
22 silly idealTree ├── ecstatic@1.4.1
22 silly idealTree ├── ee-first@1.1.1
22 silly idealTree ├─┬ engine.io-client@1.6.11
22 silly idealTree │ └── ws@1.0.1
22 silly idealTree ├─┬ engine.io-parser@1.2.4
22 silly idealTree │ ├── has-binary@0.1.6
22 silly idealTree │ └── isarray@0.0.1
22 silly idealTree ├── engine.io@1.6.11
22 silly idealTree ├── ent@2.2.0
22 silly idealTree ├── escape-html@1.0.3
22 silly idealTree ├── escape-string-regexp@1.0.5
22 silly idealTree ├── eventemitter3@1.2.0
22 silly idealTree ├── exit@0.1.2
22 silly idealTree ├─┬ expand-braces@0.1.2
22 silly idealTree │ ├── braces@0.1.5
22 silly idealTree │ ├── expand-range@0.1.1
22 silly idealTree │ ├── is-number@0.1.1
22 silly idealTree │ └── repeat-string@0.2.2
22 silly idealTree ├── expand-brackets@0.1.5
22 silly idealTree ├── expand-range@1.8.2
22 silly idealTree ├── extend@3.0.0
22 silly idealTree ├── extglob@0.3.2
22 silly idealTree ├── extsprintf@1.0.2
22 silly idealTree ├── filename-regex@2.0.0
22 silly idealTree ├── fill-range@2.2.3
22 silly idealTree ├── finalhandler@0.5.0
22 silly idealTree ├── for-in@0.1.6
22 silly idealTree ├── for-own@0.1.4
22 silly idealTree ├── forever-agent@0.6.1
22 silly idealTree ├─┬ form-data@1.0.1
22 silly idealTree │ ├── async@2.0.1
22 silly idealTree │ └── lodash@4.16.1
22 silly idealTree ├── fs-access@1.0.0
22 silly idealTree ├── fs.realpath@1.0.0
22 silly idealTree ├─┬ fsevents@1.0.14
22 silly idealTree │ ├── abbrev@1.0.9
22 silly idealTree │ ├── ansi-regex@2.0.0
22 silly idealTree │ ├── ansi-styles@2.2.1
22 silly idealTree │ ├── aproba@1.0.4
22 silly idealTree │ ├── are-we-there-yet@1.1.2
22 silly idealTree │ ├── asn1@0.2.3
22 silly idealTree │ ├── assert-plus@0.2.0
22 silly idealTree │ ├── async@1.5.2
22 silly idealTree │ ├── aws-sign2@0.6.0
22 silly idealTree │ ├── aws4@1.4.1
22 silly idealTree │ ├── balanced-match@0.4.2
22 silly idealTree │ ├─┬ bl@1.1.2
22 silly idealTree │ │ └── readable-stream@2.0.6
22 silly idealTree │ ├── block-stream@0.0.9
22 silly idealTree │ ├── boom@2.10.1
22 silly idealTree │ ├── brace-expansion@1.1.5
22 silly idealTree │ ├── buffer-shims@1.0.0
22 silly idealTree │ ├── caseless@0.11.0
22 silly idealTree │ ├── chalk@1.1.3
22 silly idealTree │ ├── code-point-at@1.0.0
22 silly idealTree │ ├── combined-stream@1.0.5
22 silly idealTree │ ├── commander@2.9.0
22 silly idealTree │ ├── concat-map@0.0.1
22 silly idealTree │ ├── console-control-strings@1.1.0
22 silly idealTree │ ├── core-util-is@1.0.2
22 silly idealTree │ ├── cryptiles@2.0.5
22 silly idealTree │ ├─┬ dashdash@1.14.0
22 silly idealTree │ │ └── assert-plus@1.0.0
22 silly idealTree │ ├── debug@2.2.0
22 silly idealTree │ ├── deep-extend@0.4.1
22 silly idealTree │ ├── delayed-stream@1.0.0
22 silly idealTree │ ├── delegates@1.0.0
22 silly idealTree │ ├── ecc-jsbn@0.1.1
22 silly idealTree │ ├── escape-string-regexp@1.0.5
22 silly idealTree │ ├── extend@3.0.0
22 silly idealTree │ ├── extsprintf@1.0.2
22 silly idealTree │ ├── forever-agent@0.6.1
22 silly idealTree │ ├── form-data@1.0.0-rc4
22 silly idealTree │ ├── fs.realpath@1.0.0
22 silly idealTree │ ├── fstream-ignore@1.0.5
22 silly idealTree │ ├── fstream@1.0.10
22 silly idealTree │ ├── gauge@2.6.0
22 silly idealTree │ ├── generate-function@2.0.0
22 silly idealTree │ ├── generate-object-property@1.2.0
22 silly idealTree │ ├─┬ getpass@0.1.6
22 silly idealTree │ │ └── assert-plus@1.0.0
22 silly idealTree │ ├── glob@7.0.5
22 silly idealTree │ ├── graceful-fs@4.1.4
22 silly idealTree │ ├── graceful-readlink@1.0.1
22 silly idealTree │ ├── har-validator@2.0.6
22 silly idealTree │ ├── has-ansi@2.0.0
22 silly idealTree │ ├── has-color@0.1.7
22 silly idealTree │ ├── has-unicode@2.0.1
22 silly idealTree │ ├── hawk@3.1.3
22 silly idealTree │ ├── hoek@2.16.3
22 silly idealTree │ ├── http-signature@1.1.1
22 silly idealTree │ ├── inflight@1.0.5
22 silly idealTree │ ├── inherits@2.0.1
22 silly idealTree │ ├── ini@1.3.4
22 silly idealTree │ ├── is-fullwidth-code-point@1.0.0
22 silly idealTree │ ├── is-my-json-valid@2.13.1
22 silly idealTree │ ├── is-property@1.0.2
22 silly idealTree │ ├── is-typedarray@1.0.0
22 silly idealTree │ ├── isarray@1.0.0
22 silly idealTree │ ├── isstream@0.1.2
22 silly idealTree │ ├── jodid25519@1.0.2
22 silly idealTree │ ├── jsbn@0.1.0
22 silly idealTree │ ├── json-schema@0.2.2
22 silly idealTree │ ├── json-stringify-safe@5.0.1
22 silly idealTree │ ├── jsonpointer@2.0.0
22 silly idealTree │ ├── jsprim@1.3.0
22 silly idealTree │ ├── mime-db@1.23.0
22 silly idealTree │ ├── mime-types@2.1.11
22 silly idealTree │ ├── minimatch@3.0.2
22 silly idealTree │ ├── minimist@0.0.8
22 silly idealTree │ ├── mkdirp@0.5.1
22 silly idealTree │ ├── ms@0.7.1
22 silly idealTree │ ├── node-pre-gyp@0.6.29
22 silly idealTree │ ├── node-uuid@1.4.7
22 silly idealTree │ ├── nopt@3.0.6
22 silly idealTree │ ├── npmlog@3.1.2
22 silly idealTree │ ├── number-is-nan@1.0.0
22 silly idealTree │ ├── oauth-sign@0.8.2
22 silly idealTree │ ├── object-assign@4.1.0
22 silly idealTree │ ├── once@1.3.3
22 silly idealTree │ ├── path-is-absolute@1.0.0
22 silly idealTree │ ├── pinkie-promise@2.0.1
22 silly idealTree │ ├── pinkie@2.0.4
22 silly idealTree │ ├── process-nextick-args@1.0.7
22 silly idealTree │ ├── qs@6.2.0
22 silly idealTree │ ├─┬ rc@1.1.6
22 silly idealTree │ │ └── minimist@1.2.0
22 silly idealTree │ ├── readable-stream@2.1.4
22 silly idealTree │ ├── request@2.73.0
22 silly idealTree │ ├── rimraf@2.5.3
22 silly idealTree │ ├── semver@5.2.0
22 silly idealTree │ ├── set-blocking@2.0.0
22 silly idealTree │ ├── signal-exit@3.0.0
22 silly idealTree │ ├── sntp@1.0.9
22 silly idealTree │ ├─┬ sshpk@1.8.3
22 silly idealTree │ │ └── assert-plus@1.0.0
22 silly idealTree │ ├── string_decoder@0.10.31
22 silly idealTree │ ├── string-width@1.0.1
22 silly idealTree │ ├── stringstream@0.0.5
22 silly idealTree │ ├── strip-ansi@3.0.1
22 silly idealTree │ ├── strip-json-comments@1.0.4
22 silly idealTree │ ├── supports-color@2.0.0
22 silly idealTree │ ├── tar-pack@3.1.4
22 silly idealTree │ ├── tar@2.2.1
22 silly idealTree │ ├── tough-cookie@2.2.2
22 silly idealTree │ ├── tunnel-agent@0.4.3
22 silly idealTree │ ├── tweetnacl@0.13.3
22 silly idealTree │ ├── uid-number@0.0.6
22 silly idealTree │ ├── util-deprecate@1.0.2
22 silly idealTree │ ├── verror@1.3.6
22 silly idealTree │ ├── wide-align@1.1.0
22 silly idealTree │ ├── wrappy@1.0.2
22 silly idealTree │ └── xtend@4.0.1
22 silly idealTree ├── generate-function@2.0.0
22 silly idealTree ├── generate-object-property@1.2.0
22 silly idealTree ├─┬ getpass@0.1.6
22 silly idealTree │ └── assert-plus@1.0.0
22 silly idealTree ├── glob-base@0.3.0
22 silly idealTree ├── glob-parent@2.0.0
22 silly idealTree ├── glob@7.1.0
22 silly idealTree ├── graceful-fs@4.1.6
22 silly idealTree ├── graceful-readlink@1.0.1
22 silly idealTree ├── har-validator@2.0.6
22 silly idealTree ├── has-ansi@2.0.0
22 silly idealTree ├─┬ has-binary@0.1.7
22 silly idealTree │ └── isarray@0.0.1
22 silly idealTree ├── has-cors@1.1.0
22 silly idealTree ├── hawk@3.1.3
22 silly idealTree ├── he@0.5.0
22 silly idealTree ├── hoek@2.16.3
22 silly idealTree ├── http-errors@1.5.0
22 silly idealTree ├── http-proxy@1.15.1
22 silly idealTree ├── http-server@0.9.0
22 silly idealTree ├── http-signature@1.1.1
22 silly idealTree ├── https-proxy-agent@1.0.0
22 silly idealTree ├── iconv-lite@0.4.13
22 silly idealTree ├── indexof@0.0.1
22 silly idealTree ├── inflight@1.0.5
22 silly idealTree ├── inherits@2.0.1
22 silly idealTree ├── is-binary-path@1.0.1
22 silly idealTree ├── is-buffer@1.1.4
22 silly idealTree ├── is-dotfile@1.0.2
22 silly idealTree ├── is-equal-shallow@0.1.3
22 silly idealTree ├── is-extendable@0.1.1
22 silly idealTree ├── is-extglob@1.0.0
22 silly idealTree ├── is-glob@2.0.1
22 silly idealTree ├── is-my-json-valid@2.14.0
22 silly idealTree ├── is-number@2.1.0
22 silly idealTree ├── is-posix-bracket@0.1.1
22 silly idealTree ├── is-primitive@2.0.0
22 silly idealTree ├── is-property@1.0.2
22 silly idealTree ├── is-typedarray@1.0.0
22 silly idealTree ├── isarray@1.0.0
22 silly idealTree ├── isbinaryfile@3.0.1
22 silly idealTree ├── isexe@1.1.2
22 silly idealTree ├── isobject@2.1.0
22 silly idealTree ├── isstream@0.1.2
22 silly idealTree ├── jasmine-core@2.5.2
22 silly idealTree ├─┬ jasmine@2.4.1
22 silly idealTree │ ├── glob@3.2.11
22 silly idealTree │ ├── jasmine-core@2.4.1
22 silly idealTree │ └── minimatch@0.3.0
22 silly idealTree ├── jasminewd2@0.0.9
22 silly idealTree ├── jodid25519@1.0.2
22 silly idealTree ├── jsbn@0.1.0
22 silly idealTree ├── json-schema@0.2.3
22 silly idealTree ├── json-stringify-safe@5.0.1
22 silly idealTree ├── json3@3.2.6
22 silly idealTree ├── jsonpointer@2.0.0
22 silly idealTree ├── jsprim@1.3.1
22 silly idealTree ├── karma-chrome-launcher@0.2.3
22 silly idealTree ├── karma-firefox-launcher@0.1.7
22 silly idealTree ├── karma-jasmine@0.3.8
22 silly idealTree ├── karma-junit-reporter@0.4.2
22 silly idealTree ├─┬ karma@0.13.22
22 silly idealTree │ └── colors@1.1.2
22 silly idealTree ├── kind-of@3.0.4
22 silly idealTree ├── lodash@3.10.1
22 silly idealTree ├─┬ log4js@0.6.38
22 silly idealTree │ ├── isarray@0.0.1
22 silly idealTree │ └── readable-stream@1.0.34
22 silly idealTree ├── lru-cache@2.2.4
22 silly idealTree ├── media-typer@0.3.0
22 silly idealTree ├── micromatch@2.3.11
22 silly idealTree ├── mime-db@1.24.0
22 silly idealTree ├── mime-types@2.1.12
22 silly idealTree ├── mime@1.3.4
22 silly idealTree ├── minimatch@3.0.3
22 silly idealTree ├── minimist@1.2.0
22 silly idealTree ├─┬ mkdirp@0.5.1
22 silly idealTree │ └── minimist@0.0.8
22 silly idealTree ├── ms@0.7.1
22 silly idealTree ├── nan@2.4.0
22 silly idealTree ├── negotiator@0.4.9
22 silly idealTree ├── node-uuid@1.4.7
22 silly idealTree ├── normalize-path@2.0.1
22 silly idealTree ├── null-check@1.0.0
22 silly idealTree ├── oauth-sign@0.8.2
22 silly idealTree ├── object-component@0.0.3
22 silly idealTree ├── object.omit@2.0.0
22 silly idealTree ├── on-finished@2.3.0
22 silly idealTree ├── once@1.4.0
22 silly idealTree ├── opener@1.4.2
22 silly idealTree ├─┬ optimist@0.6.1
22 silly idealTree │ └── minimist@0.0.10
22 silly idealTree ├── options@0.0.6
22 silly idealTree ├── parse-glob@3.0.4
22 silly idealTree ├── parsejson@0.0.1
22 silly idealTree ├── parseqs@0.0.2
22 silly idealTree ├── parseuri@0.0.4
22 silly idealTree ├── parseurl@1.3.1
22 silly idealTree ├── path-is-absolute@1.0.0
22 silly idealTree ├── pinkie-promise@2.0.1
22 silly idealTree ├── pinkie@2.0.4
22 silly idealTree ├── portfinder@0.4.0
22 silly idealTree ├── preserve@0.2.0
22 silly idealTree ├── process-nextick-args@1.0.7
22 silly idealTree ├─┬ protractor@3.3.0
22 silly idealTree │ └── glob@6.0.4
22 silly idealTree ├── q@1.4.1
22 silly idealTree ├── qs@2.3.3
22 silly idealTree ├── randomatic@1.1.5
22 silly idealTree ├── raw-body@2.1.7
22 silly idealTree ├── readable-stream@2.1.5
22 silly idealTree ├── readdirp@2.1.0
22 silly idealTree ├── regex-cache@0.4.3
22 silly idealTree ├── repeat-element@1.1.2
22 silly idealTree ├── repeat-string@1.5.4
22 silly idealTree ├─┬ request@2.67.0
22 silly idealTree │ └── qs@5.2.1
22 silly idealTree ├── requires-port@1.0.0
22 silly idealTree ├── rimraf@2.5.4
22 silly idealTree ├── saucelabs@1.0.1
22 silly idealTree ├── sax@0.6.1
22 silly idealTree ├─┬ selenium-webdriver@2.52.0
22 silly idealTree │ └── adm-zip@0.4.4
22 silly idealTree ├── semver@4.3.6
22 silly idealTree ├── set-immediate-shim@1.0.1
22 silly idealTree ├── setprototypeof@1.0.1
22 silly idealTree ├── sigmund@1.0.1
22 silly idealTree ├── sntp@1.0.9
22 silly idealTree ├─┬ socket.io-adapter@0.4.0
22 silly idealTree │ ├── isarray@0.0.1
22 silly idealTree │ └─┬ socket.io-parser@2.2.2
22 silly idealTree │   └── debug@0.7.4
22 silly idealTree ├─┬ socket.io-client@1.4.8
22 silly idealTree │ └── component-emitter@1.2.0
22 silly idealTree ├─┬ socket.io-parser@2.2.6
22 silly idealTree │ ├── isarray@0.0.1
22 silly idealTree │ └── json3@3.3.2
22 silly idealTree ├── socket.io@1.4.8
22 silly idealTree ├─┬ source-map-support@0.4.2
22 silly idealTree │ └── source-map@0.1.32
22 silly idealTree ├── source-map@0.5.6
22 silly idealTree ├─┬ sshpk@1.10.0
22 silly idealTree │ └── assert-plus@1.0.0
22 silly idealTree ├── statuses@1.3.0
22 silly idealTree ├── string_decoder@0.10.31
22 silly idealTree ├── stringstream@0.0.5
22 silly idealTree ├── strip-ansi@3.0.1
22 silly idealTree ├── supports-color@2.0.0
22 silly idealTree ├── tmp@0.0.24
22 silly idealTree ├── to-array@0.1.4
22 silly idealTree ├── tough-cookie@2.2.2
22 silly idealTree ├── tunnel-agent@0.4.3
22 silly idealTree ├── tweetnacl@0.13.3
22 silly idealTree ├── type-is@1.6.13
22 silly idealTree ├── ultron@1.0.2
22 silly idealTree ├── union@0.4.4
22 silly idealTree ├── unpipe@1.0.0
22 silly idealTree ├── url-join@1.1.0
22 silly idealTree ├── useragent@2.1.9
22 silly idealTree ├── utf8@2.1.0
22 silly idealTree ├── util-deprecate@1.0.2
22 silly idealTree ├── utils-merge@1.0.0
22 silly idealTree ├── verror@1.3.6
22 silly idealTree ├── void-elements@2.0.1
22 silly idealTree ├── which@1.2.11
22 silly idealTree ├── wordwrap@0.0.3
22 silly idealTree ├── wrappy@1.0.2
22 silly idealTree ├── ws@1.1.0
22 silly idealTree ├── xml2js@0.4.4
22 silly idealTree ├── xmlbuilder@3.1.0
22 silly idealTree ├── xmlhttprequest-ssl@1.5.1
22 silly idealTree ├── xtend@4.0.1
22 silly idealTree └── yeast@0.1.2
23 silly generateActionsToTake Starting
24 silly install generateActionsToTake
25 silly generateActionsToTake Finishing
26 silly diffTrees action count 0
27 silly decomposeActions action count 0
28 silly executeActions Starting
29 silly install executeActions
30 silly doSerial global-install 0
31 silly doParallel fetch 0
32 verbose correctMkdir /Users/azalani/.npm/_locks correctMkdir not in flight; initializing
33 verbose lock using /Users/azalani/.npm/_locks/staging-d4e1aef75407d8e4.lock for /Users/azalani/personal/workspace/currybhari/node_modules/.staging
34 silly doParallel extract 0
35 silly doParallel preinstall 0
36 silly doReverseSerial remove 0
37 silly doSerial move 0
38 silly doSerial finalize 0
39 silly doSerial build 0
40 silly doSerial global-link 0
41 silly doParallel update-linked 0
42 silly doSerial install 0
43 silly doSerial postinstall 0
44 verbose unlock done using /Users/azalani/.npm/_locks/staging-d4e1aef75407d8e4.lock for /Users/azalani/personal/workspace/currybhari/node_modules/.staging
45 silly executeActions Finishing
46 silly rollbackFailedOptional Starting
47 silly rollbackFailedOptional Finishing
48 silly runTopLevelLifecycles Starting
49 silly install runTopLevelLifecycles
50 silly preinstall angular-seed@1.0.0 /Users/azalani/personal/workspace/currybhari/angular-seed-e0f6a029
51 info lifecycle angular-seed@1.0.0~preinstall: angular-seed@1.0.0
52 silly lifecycle angular-seed@1.0.0~preinstall: no script for preinstall, continuing
53 silly build angular-seed@1.0.0
54 info linkStuff angular-seed@1.0.0
55 silly linkStuff angular-seed@1.0.0 has /Users/azalani/personal/workspace as its parent node_modules
56 verbose linkBins angular-seed@1.0.0
57 verbose linkMans angular-seed@1.0.0
58 silly install angular-seed@1.0.0 /Users/azalani/personal/workspace/currybhari/angular-seed-e0f6a029
59 info lifecycle angular-seed@1.0.0~install: angular-seed@1.0.0
60 silly lifecycle angular-seed@1.0.0~install: no script for install, continuing
61 silly postinstall angular-seed@1.0.0 /Users/azalani/personal/workspace/currybhari/angular-seed-e0f6a029
62 info lifecycle angular-seed@1.0.0~postinstall: angular-seed@1.0.0
63 verbose lifecycle angular-seed@1.0.0~postinstall: unsafe-perm in lifecycle true
64 verbose lifecycle angular-seed@1.0.0~postinstall: PATH: /usr/local/lib/node_modules/npm/bin/node-gyp-bin:/Users/azalani/personal/workspace/currybhari/node_modules/.bin:/usr/local/Cellar/node/6.3.1/bin:/usr/local/bin:/usr/local/bin:/bin:/sbin:/usr/bin:/usr/sbin:/usr/local/bin:/Users/azalani/bin:/opt/local/bin:/usr/local/bin:/Users/azalani/dev/apache-maven-3.3.9/bin:/bin:/Users/azalani/dev/apache-maven-3.3.9/bin:/Users/azalani/dev/apache-ant-1.9.7/bin
65 verbose lifecycle angular-seed@1.0.0~postinstall: CWD: /Users/azalani/personal/workspace/currybhari
66 silly lifecycle angular-seed@1.0.0~postinstall: Args: [ '-c', 'bower install' ]
67 silly lifecycle angular-seed@1.0.0~postinstall: Returned: code: 1  signal: null
68 info lifecycle angular-seed@1.0.0~postinstall: Failed to exec postinstall script
69 verbose stack Error: angular-seed@1.0.0 postinstall: `bower install`
69 verbose stack Exit status 1
69 verbose stack     at EventEmitter.<anonymous> (/usr/local/lib/node_modules/npm/lib/utils/lifecycle.js:242:16)
69 verbose stack     at emitTwo (events.js:106:13)
69 verbose stack     at EventEmitter.emit (events.js:191:7)
69 verbose stack     at ChildProcess.<anonymous> (/usr/local/lib/node_modules/npm/lib/utils/spawn.js:40:14)
69 verbose stack     at emitTwo (events.js:106:13)
69 verbose stack     at ChildProcess.emit (events.js:191:7)
69 verbose stack     at maybeClose (internal/child_process.js:852:16)
69 verbose stack     at Process.ChildProcess._handle.onexit (internal/child_process.js:215:5)
70 verbose pkgid angular-seed@1.0.0
71 verbose cwd /Users/azalani/personal/workspace/currybhari
72 error Darwin 15.6.0
73 error argv "/usr/local/Cellar/node/6.3.1/bin/node" "/usr/local/bin/npm" "install"
74 error node v6.3.1
75 error npm  v3.10.3
76 error code ELIFECYCLE
77 error angular-seed@1.0.0 postinstall: `bower install`
77 error Exit status 1
78 error Failed at the angular-seed@1.0.0 postinstall script 'bower install'.
78 error Make sure you have the latest version of node.js and npm installed.
78 error If you do, this is most likely a problem with the angular-seed package,
78 error not with npm itself.
78 error Tell the author that this fails on your system:
78 error     bower install
78 error You can get information on how to open an issue for this project with:
78 error     npm bugs angular-seed
78 error Or if that isn't available, you can get their info via:
78 error     npm owner ls angular-seed
78 error There is likely additional logging output above.
79 verbose exit [ 1, true ]
